# JRE version: OpenJDK Runtime Environment Corretto-11.0.15.9.1 (11.0.15+9) (build 11.0.15+9-LTS)
# Java VM: OpenJDK 64-Bit Server VM Corretto-11.0.15.9.1 (11.0.15+9-LTS, mixed mode, tiered, compressed oops, g1 gc, windows-amd64)
Heap:
 garbage-first heap   total 260096K, used 103966K [0x0000000703800000, 0x0000000800000000)
  region size 1024K, 97 young (99328K), 17 survivors (17408K)
 Metaspace       used 43497K, capacity 45229K, committed 45488K, reserved 1089536K
  class space    used 5422K, capacity 6101K, committed 6144K, reserved 1048576K
GC Heap History (12 events):
Event: 1.505 GC heap before
{Heap before GC invocations=0 (full 0):
 garbage-first heap   total 260096K, used 23552K [0x0000000703800000, 0x0000000800000000)
  region size 1024K, 24 young (24576K), 0 survivors (0K)
 Metaspace       used 14362K, capacity 14727K, committed 14976K, reserved 1062912K
  class space    used 1488K, capacity 1634K, committed 1664K, reserved 1048576K
}
Event: 1.511 GC heap after
{Heap after GC invocations=1 (full 0):
 garbage-first heap   total 260096K, used 5510K [0x0000000703800000, 0x0000000800000000)
  region size 1024K, 3 young (3072K), 3 survivors (3072K)
 Metaspace       used 14362K, capacity 14727K, committed 14976K, reserved 1062912K
  class space    used 1488K, capacity 1634K, committed 1664K, reserved 1048576K
}
Event: 1.827 GC heap before
{Heap before GC invocations=1 (full 0):
 garbage-first heap   total 260096K, used 28038K [0x0000000703800000, 0x0000000800000000)
  region size 1024K, 25 young (25600K), 3 survivors (3072K)
 Metaspace       used 17902K, capacity 18388K, committed 18560K, reserved 1064960K
  class space    used 1963K, capacity 2142K, committed 2176K, reserved 1048576K
}
Event: 1.830 GC heap after
{Heap after GC invocations=2 (full 0):
 garbage-first heap   total 260096K, used 6685K [0x0000000703800000, 0x0000000800000000)
  region size 1024K, 2 young (2048K), 2 survivors (2048K)
 Metaspace       used 17902K, capacity 18388K, committed 18560K, reserved 1064960K
  class space    used 1963K, capacity 2142K, committed 2176K, reserved 1048576K
}
Event: 1.998 GC heap before
{Heap before GC invocations=2 (full 0):
 garbage-first heap   total 260096K, used 23069K [0x0000000703800000, 0x0000000800000000)
  region size 1024K, 19 young (19456K), 2 survivors (2048K)
 Metaspace       used 20567K, capacity 21127K, committed 21296K, reserved 1069056K
  class space    used 2336K, capacity 2598K, committed 2688K, reserved 1048576K
}
Event: 2.000 GC heap after
{Heap after GC invocations=3 (full 0):
 garbage-first heap   total 260096K, used 7411K [0x0000000703800000, 0x0000000800000000)
  region size 1024K, 2 young (2048K), 2 survivors (2048K)
 Metaspace       used 20567K, capacity 21127K, committed 21296K, reserved 1069056K
  class space    used 2336K, capacity 2598K, committed 2688K, reserved 1048576K
}
Event: 2.803 GC heap before
{Heap before GC invocations=4 (full 0):
 garbage-first heap   total 260096K, used 96499K [0x0000000703800000, 0x0000000800000000)
  region size 1024K, 89 young (91136K), 2 survivors (2048K)
 Metaspace       used 28790K, capacity 29819K, committed 30000K, reserved 1075200K
  class space    used 3486K, capacity 3880K, committed 3968K, reserved 1048576K
}
Event: 2.808 GC heap after
{Heap after GC invocations=5 (full 0):
 garbage-first heap   total 260096K, used 10815K [0x0000000703800000, 0x0000000800000000)
  region size 1024K, 6 young (6144K), 6 survivors (6144K)
 Metaspace       used 28790K, capacity 29819K, committed 30000K, reserved 1075200K
  class space    used 3486K, capacity 3880K, committed 3968K, reserved 1048576K
}
Event: 3.289 GC heap before
{Heap before GC invocations=5 (full 0):
 garbage-first heap   total 260096K, used 51775K [0x0000000703800000, 0x0000000800000000)
  region size 1024K, 47 young (48128K), 6 survivors (6144K)
 Metaspace       used 34353K, capacity 35613K, committed 35888K, reserved 1081344K
  class space    used 4182K, capacity 4705K, committed 4736K, reserved 1048576K
}
Event: 3.297 GC heap after
{Heap after GC invocations=6 (full 0):
 garbage-first heap   total 260096K, used 14038K [0x0000000703800000, 0x0000000800000000)
  region size 1024K, 9 young (9216K), 9 survivors (9216K)
 Metaspace       used 34353K, capacity 35613K, committed 35888K, reserved 1081344K
  class space    used 4182K, capacity 4705K, committed 4736K, reserved 1048576K
}
Event: 4.359 GC heap before
{Heap before GC invocations=7 (full 0):
 garbage-first heap   total 260096K, used 143062K [0x0000000703800000, 0x0000000800000000)
  region size 1024K, 135 young (138240K), 9 survivors (9216K)
 Metaspace       used 39794K, capacity 41478K, committed 41776K, reserved 1085440K
  class space    used 4991K, capacity 5642K, committed 5760K, reserved 1048576K
}
Event: 4.373 GC heap after
{Heap after GC invocations=8 (full 0):
 garbage-first heap   total 260096K, used 23070K [0x0000000703800000, 0x0000000800000000)
  region size 1024K, 17 young (17408K), 17 survivors (17408K)
 Metaspace       used 39794K, capacity 41478K, committed 41776K, reserved 1085440K
  class space    used 4991K, capacity 5642K, committed 5760K, reserved 1048576K
}

